2025-05-17 22:02:24 [ERROR] ❌ [50] Błąd ekstrakcji – Message: stale element reference: stale element not found in the current frame
  (Session info: chrome=136.0.7103.114)
Stacktrace:
0   chromedriver                        0x0000000102045298 chromedriver + 6197912
1   chromedriver                        0x000000010203c8ba chromedriver + 6162618
2   chromedriver                        0x0000000101ac1de0 chromedriver + 417248
3   chromedriver                        0x0000000101ac8aac chromedriver + 445100
4   chromedriver                        0x0000000101acb493 chromedriver + 455827
5   chromedriver                        0x0000000101acb543 chromedriver + 456003
6   chromedriver                        0x0000000101b131c9 chromedriver + 750025
7   chromedriver                        0x0000000101b139b1 chromedriver + 752049
8   chromedriver                        0x0000000101b07216 chromedriver + 700950
9   chromedriver                        0x0000000101b399ed chromedriver + 907757
10  chromedriver                        0x0000000101b07108 chromedriver + 700680
11  chromedriver                        0x0000000101b39b7e chromedriver + 908158
12  chromedriver                        0x0000000101b60cdb chromedriver + 1068251
13  chromedriver                        0x0000000101b39793 chromedriver + 907155
14  chromedriver                        0x0000000101b05b25 chromedriver + 695077
15  chromedriver                        0x0000000101b06791 chromedriver + 698257
16  chromedriver                        0x0000000102001c90 chromedriver + 5921936
17  chromedriver                        0x0000000102005b81 chromedriver + 5938049
18  chromedriver                        0x0000000101fdbfd4 chromedriver + 5767124
19  chromedriver                        0x00000001020065ab chromedriver + 5940651
20  chromedriver                        0x0000000101fca6d4 chromedriver + 5695188
21  chromedriver                        0x000000010202a098 chromedriver + 6086808
22  chromedriver                        0x000000010202a260 chromedriver + 6087264
23  chromedriver                        0x000000010203c481 chromedriver + 6161537
24  libsystem_pthread.dylib             0x00007ff8032addf1 _pthread_start + 99
25  libsystem_pthread.dylib             0x00007ff8032a9857 thread_start + 15

