2025-05-13 10:01:19 [ERROR] ❌ [50] Błąd ekstrakcji – Message: stale element reference: stale element not found in the current frame
  (Session info: chrome=136.0.7103.93)
Stacktrace:
0   chromedriver                        0x0000000100740298 chromedriver + 6197912
1   chromedriver                        0x00000001007378ba chromedriver + 6162618
2   chromedriver                        0x00000001001bcde0 chromedriver + 417248
3   chromedriver                        0x00000001001c3aac chromedriver + 445100
4   chromedriver                        0x00000001001c6493 chromedriver + 455827
5   chromedriver                        0x00000001001c6543 chromedriver + 456003
6   chromedriver                        0x000000010020e1c9 chromedriver + 750025
7   chromedriver                        0x000000010020e9b1 chromedriver + 752049
8   chromedriver                        0x0000000100202216 chromedriver + 700950
9   chromedriver                        0x00000001002349ed chromedriver + 907757
10  chromedriver                        0x0000000100202108 chromedriver + 700680
11  chromedriver                        0x0000000100234b7e chromedriver + 908158
12  chromedriver                        0x000000010025bcdb chromedriver + 1068251
13  chromedriver                        0x0000000100234793 chromedriver + 907155
14  chromedriver                        0x0000000100200b25 chromedriver + 695077
15  chromedriver                        0x0000000100201791 chromedriver + 698257
16  chromedriver                        0x00000001006fcc90 chromedriver + 5921936
17  chromedriver                        0x0000000100700b81 chromedriver + 5938049
18  chromedriver                        0x00000001006d6fd4 chromedriver + 5767124
19  chromedriver                        0x00000001007015ab chromedriver + 5940651
20  chromedriver                        0x00000001006c56d4 chromedriver + 5695188
21  chromedriver                        0x0000000100725098 chromedriver + 6086808
22  chromedriver                        0x0000000100725260 chromedriver + 6087264
23  chromedriver                        0x0000000100737481 chromedriver + 6161537
24  libsystem_pthread.dylib             0x00007ff8032addf1 _pthread_start + 99
25  libsystem_pthread.dylib             0x00007ff8032a9857 thread_start + 15

