2025-06-09 15:02:38 [ERROR] ❌ [50] Błąd ekstrakcji – Message: stale element reference: stale element not found in the current frame
  (Session info: chrome=137.0.7151.69)
Stacktrace:
0   chromedriver                        0x0000000102539728 chromedriver + 5891880
1   chromedriver                        0x0000000102530e7a chromedriver + 5856890
2   chromedriver                        0x0000000102001400 chromedriver + 418816
3   chromedriver                        0x000000010200817e chromedriver + 446846
4   chromedriver                        0x000000010200ab83 chromedriver + 457603
5   chromedriver                        0x000000010200ac33 chromedriver + 457779
6   chromedriver                        0x0000000102052c59 chromedriver + 752729
7   chromedriver                        0x0000000102053441 chromedriver + 754753
8   chromedriver                        0x0000000102046dd6 chromedriver + 703958
9   chromedriver                        0x000000010207950d chromedriver + 910605
10  chromedriver                        0x0000000102046cc8 chromedriver + 703688
11  chromedriver                        0x000000010207969e chromedriver + 911006
12  chromedriver                        0x00000001020a1073 chromedriver + 1073267
13  chromedriver                        0x00000001020792b3 chromedriver + 910003
14  chromedriver                        0x0000000102045507 chromedriver + 697607
15  chromedriver                        0x0000000102046171 chromedriver + 700785
16  chromedriver                        0x00000001024f74d0 chromedriver + 5620944
17  chromedriver                        0x00000001024fb45f chromedriver + 5637215
18  chromedriver                        0x00000001024d28e2 chromedriver + 5470434
19  chromedriver                        0x00000001024fbdcf chromedriver + 5639631
20  chromedriver                        0x00000001024c10a4 chromedriver + 5398692
21  chromedriver                        0x000000010251e688 chromedriver + 5781128
22  chromedriver                        0x000000010251e850 chromedriver + 5781584
23  chromedriver                        0x0000000102530a41 chromedriver + 5855809
24  libsystem_pthread.dylib             0x00007ff8032addf1 _pthread_start + 99
25  libsystem_pthread.dylib             0x00007ff8032a9857 thread_start + 15

