2025-05-03 12:02:15 [ERROR] ❌ [50] Błąd ekstrakcji – Message: stale element reference: stale element not found in the current frame
  (Session info: chrome=135.0.7049.115)
Stacktrace:
0   chromedriver                        0x000000010b955298 chromedriver + 6197912
1   chromedriver                        0x000000010b94c8ba chromedriver + 6162618
2   chromedriver                        0x000000010b3d1de0 chromedriver + 417248
3   chromedriver                        0x000000010b3d8aac chromedriver + 445100
4   chromedriver                        0x000000010b3db493 chromedriver + 455827
5   chromedriver                        0x000000010b3db543 chromedriver + 456003
6   chromedriver                        0x000000010b4231c9 chromedriver + 750025
7   chromedriver                        0x000000010b4239b1 chromedriver + 752049
8   chromedriver                        0x000000010b417216 chromedriver + 700950
9   chromedriver                        0x000000010b4499ed chromedriver + 907757
10  chromedriver                        0x000000010b417108 chromedriver + 700680
11  chromedriver                        0x000000010b449b7e chromedriver + 908158
12  chromedriver                        0x000000010b470cdb chromedriver + 1068251
13  chromedriver                        0x000000010b449793 chromedriver + 907155
14  chromedriver                        0x000000010b415b25 chromedriver + 695077
15  chromedriver                        0x000000010b416791 chromedriver + 698257
16  chromedriver                        0x000000010b911c90 chromedriver + 5921936
17  chromedriver                        0x000000010b915b81 chromedriver + 5938049
18  chromedriver                        0x000000010b8ebfd4 chromedriver + 5767124
19  chromedriver                        0x000000010b9165ab chromedriver + 5940651
20  chromedriver                        0x000000010b8da6d4 chromedriver + 5695188
21  chromedriver                        0x000000010b93a098 chromedriver + 6086808
22  chromedriver                        0x000000010b93a260 chromedriver + 6087264
23  chromedriver                        0x000000010b94c481 chromedriver + 6161537
24  libsystem_pthread.dylib             0x00007ff8058d1df1 _pthread_start + 99
25  libsystem_pthread.dylib             0x00007ff8058cd857 thread_start + 15

