2025-05-07 17:03:12 [ERROR] ❌ [50] Błąd ekstrakcji – Message: stale element reference: stale element not found in the current frame
  (Session info: chrome=136.0.7103.92)
Stacktrace:
0   chromedriver                        0x000000010f332298 chromedriver + 6197912
1   chromedriver                        0x000000010f3298ba chromedriver + 6162618
2   chromedriver                        0x000000010edaede0 chromedriver + 417248
3   chromedriver                        0x000000010edb5aac chromedriver + 445100
4   chromedriver                        0x000000010edb8493 chromedriver + 455827
5   chromedriver                        0x000000010edb8543 chromedriver + 456003
6   chromedriver                        0x000000010ee001c9 chromedriver + 750025
7   chromedriver                        0x000000010ee009b1 chromedriver + 752049
8   chromedriver                        0x000000010edf4216 chromedriver + 700950
9   chromedriver                        0x000000010ee269ed chromedriver + 907757
10  chromedriver                        0x000000010edf4108 chromedriver + 700680
11  chromedriver                        0x000000010ee26b7e chromedriver + 908158
12  chromedriver                        0x000000010ee4dcdb chromedriver + 1068251
13  chromedriver                        0x000000010ee26793 chromedriver + 907155
14  chromedriver                        0x000000010edf2b25 chromedriver + 695077
15  chromedriver                        0x000000010edf3791 chromedriver + 698257
16  chromedriver                        0x000000010f2eec90 chromedriver + 5921936
17  chromedriver                        0x000000010f2f2b81 chromedriver + 5938049
18  chromedriver                        0x000000010f2c8fd4 chromedriver + 5767124
19  chromedriver                        0x000000010f2f35ab chromedriver + 5940651
20  chromedriver                        0x000000010f2b76d4 chromedriver + 5695188
21  chromedriver                        0x000000010f317098 chromedriver + 6086808
22  chromedriver                        0x000000010f317260 chromedriver + 6087264
23  chromedriver                        0x000000010f329481 chromedriver + 6161537
24  libsystem_pthread.dylib             0x00007ff8058d1df1 _pthread_start + 99
25  libsystem_pthread.dylib             0x00007ff8058cd857 thread_start + 15

